2021-03-02 11:48:46.908  INFO 6768 --- [main] se.kth.iv1201.recruitment.Main           : Starting Main using Java 15.0.1 on LAPTOP-5P935E41 with PID 6768 (C:\Users\loujo\Documents\IV1201-application\target\classes started by loujo in C:\Users\loujo\Documents\IV1201-application)
2021-03-02 11:48:46.913  INFO 6768 --- [main] se.kth.iv1201.recruitment.Main           : No active profile set, falling back to default profiles: default
2021-03-02 11:48:48.118  INFO 6768 --- [main] o.apache.catalina.core.StandardService   : Starting service [Tomcat]
2021-03-02 11:48:48.118  INFO 6768 --- [main] org.apache.catalina.core.StandardEngine  : Starting Servlet engine: [Apache Tomcat/9.0.41]
2021-03-02 11:48:48.229  INFO 6768 --- [main] o.a.c.c.C.[Tomcat].[localhost].[/]       : Initializing Spring embedded WebApplicationContext
2021-03-02 11:48:48.341  INFO 6768 --- [main] o.hibernate.jpa.internal.util.LogHelper  : HHH000204: Processing PersistenceUnitInfo [name: default]
2021-03-02 11:48:48.394  INFO 6768 --- [main] org.hibernate.Version                    : HHH000412: Hibernate ORM core version 5.4.27.Final
2021-03-02 11:48:48.518  INFO 6768 --- [main] o.hibernate.annotations.common.Version   : HCANN000001: Hibernate Commons Annotations {5.1.2.Final}
2021-03-02 11:48:48.611  INFO 6768 --- [main] com.zaxxer.hikari.HikariDataSource       : HikariPool-1 - Starting...
2021-03-02 11:48:49.576  INFO 6768 --- [main] com.zaxxer.hikari.HikariDataSource       : HikariPool-1 - Start completed.
2021-03-02 11:48:49.614  INFO 6768 --- [main] org.hibernate.dialect.Dialect            : HHH000400: Using dialect: org.hibernate.dialect.PostgreSQL10Dialect
2021-03-02 11:48:51.081  INFO 6768 --- [main] o.h.e.t.j.p.i.JtaPlatformInitiator       : HHH000490: Using JtaPlatform implementation: [org.hibernate.engine.transaction.jta.platform.internal.NoJtaPlatform]
2021-03-02 11:48:52.257  INFO 6768 --- [main] se.kth.iv1201.recruitment.Main           : Started Main in 6.028 seconds (JVM running for 7.036)
2021-03-02 11:48:53.291  INFO 6768 --- [http-nio-8080-exec-1] o.a.c.c.C.[Tomcat].[localhost].[/]       : Initializing Spring DispatcherServlet 'dispatcherServlet'
2021-03-02 11:48:54.318  INFO 6768 --- [http-nio-8080-exec-3] s.k.i.r.p.error.ExceptionHandlers        : A 404 not found exception occurred.
2021-03-02 11:49:00.467  INFO 14004 --- [main] se.kth.iv1201.recruitment.Main           : Starting Main using Java 15.0.1 on LAPTOP-5P935E41 with PID 14004 (C:\Users\loujo\Documents\IV1201-application\target\classes started by loujo in C:\Users\loujo\Documents\IV1201-application)
2021-03-02 11:49:00.471  INFO 14004 --- [main] se.kth.iv1201.recruitment.Main           : No active profile set, falling back to default profiles: default
2021-03-02 11:49:01.914  INFO 14004 --- [main] o.apache.catalina.core.StandardService   : Starting service [Tomcat]
2021-03-02 11:49:01.914  INFO 14004 --- [main] org.apache.catalina.core.StandardEngine  : Starting Servlet engine: [Apache Tomcat/9.0.41]
2021-03-02 11:49:02.069  INFO 14004 --- [main] o.a.c.c.C.[Tomcat].[localhost].[/]       : Initializing Spring embedded WebApplicationContext
2021-03-02 11:49:02.200  INFO 14004 --- [main] o.hibernate.jpa.internal.util.LogHelper  : HHH000204: Processing PersistenceUnitInfo [name: default]
2021-03-02 11:49:02.245  INFO 14004 --- [main] org.hibernate.Version                    : HHH000412: Hibernate ORM core version 5.4.27.Final
2021-03-02 11:49:02.343  INFO 14004 --- [main] o.hibernate.annotations.common.Version   : HCANN000001: Hibernate Commons Annotations {5.1.2.Final}
2021-03-02 11:49:02.423  INFO 14004 --- [main] com.zaxxer.hikari.HikariDataSource       : HikariPool-1 - Starting...
2021-03-02 11:49:03.259  INFO 14004 --- [main] com.zaxxer.hikari.HikariDataSource       : HikariPool-1 - Start completed.
2021-03-02 11:49:03.283  INFO 14004 --- [main] org.hibernate.dialect.Dialect            : HHH000400: Using dialect: org.hibernate.dialect.PostgreSQL10Dialect
2021-03-02 11:49:04.675  INFO 14004 --- [main] o.h.e.t.j.p.i.JtaPlatformInitiator       : HHH000490: Using JtaPlatform implementation: [org.hibernate.engine.transaction.jta.platform.internal.NoJtaPlatform]
2021-03-02 11:49:05.671  INFO 14004 --- [main] se.kth.iv1201.recruitment.Main           : Started Main in 5.724 seconds (JVM running for 6.424)
2021-03-02 11:49:52.273  INFO 14004 --- [http-nio-8080-exec-1] o.a.c.c.C.[Tomcat].[localhost].[/]       : Initializing Spring DispatcherServlet 'dispatcherServlet'
2021-03-02 11:50:49.746  INFO 14004 --- [http-nio-8080-exec-4] s.k.i.r.p.error.ExceptionHandlers        : A 404 not found exception occurred.
2021-03-02 13:14:14.984  INFO 23732 --- [main] se.kth.iv1201.recruitment.Main           : Starting Main using Java 15.0.1 on LAPTOP-5P935E41 with PID 23732 (C:\Users\loujo\Documents\IV1201-application\target\classes started by loujo in C:\Users\loujo\Documents\IV1201-application)
2021-03-02 13:14:14.987  INFO 23732 --- [main] se.kth.iv1201.recruitment.Main           : No active profile set, falling back to default profiles: default
2021-03-02 13:14:16.681  INFO 23732 --- [main] o.apache.catalina.core.StandardService   : Starting service [Tomcat]
2021-03-02 13:14:16.683  INFO 23732 --- [main] org.apache.catalina.core.StandardEngine  : Starting Servlet engine: [Apache Tomcat/9.0.41]
2021-03-02 13:14:16.886  INFO 23732 --- [main] o.a.c.c.C.[Tomcat].[localhost].[/]       : Initializing Spring embedded WebApplicationContext
2021-03-02 13:14:17.087  INFO 23732 --- [main] o.hibernate.jpa.internal.util.LogHelper  : HHH000204: Processing PersistenceUnitInfo [name: default]
2021-03-02 13:14:17.175  INFO 23732 --- [main] org.hibernate.Version                    : HHH000412: Hibernate ORM core version 5.4.27.Final
2021-03-02 13:14:17.354  INFO 23732 --- [main] o.hibernate.annotations.common.Version   : HCANN000001: Hibernate Commons Annotations {5.1.2.Final}
2021-03-02 13:14:17.474  INFO 23732 --- [main] com.zaxxer.hikari.HikariDataSource       : HikariPool-1 - Starting...
2021-03-02 13:14:18.447  INFO 23732 --- [main] com.zaxxer.hikari.HikariDataSource       : HikariPool-1 - Start completed.
2021-03-02 13:14:18.504  INFO 23732 --- [main] org.hibernate.dialect.Dialect            : HHH000400: Using dialect: org.hibernate.dialect.PostgreSQL10Dialect
2021-03-02 13:14:20.076  INFO 23732 --- [main] o.h.e.t.j.p.i.JtaPlatformInitiator       : HHH000490: Using JtaPlatform implementation: [org.hibernate.engine.transaction.jta.platform.internal.NoJtaPlatform]
2021-03-02 13:14:21.985  INFO 23732 --- [main] se.kth.iv1201.recruitment.Main           : Started Main in 7.54 seconds (JVM running for 8.366)
2021-03-02 13:14:36.794  INFO 23732 --- [http-nio-8080-exec-1] o.a.c.c.C.[Tomcat].[localhost].[/]       : Initializing Spring DispatcherServlet 'dispatcherServlet'
2021-03-02 13:26:27.333  WARN 23732 --- [HikariPool-1 housekeeper] com.zaxxer.hikari.pool.HikariPool        : HikariPool-1 - Thread starvation or clock leap detected (housekeeper delta=7m38s774ms300µs700ns).
2021-03-02 13:36:25.307  WARN 23732 --- [HikariPool-1 housekeeper] com.zaxxer.hikari.pool.HikariPool        : HikariPool-1 - Thread starvation or clock leap detected (housekeeper delta=9m27s971ms312µs200ns).
2021-03-02 14:08:44.624  WARN 23732 --- [HikariPool-1 housekeeper] com.zaxxer.hikari.pool.HikariPool        : HikariPool-1 - Thread starvation or clock leap detected (housekeeper delta=2m19s239ms116µs400ns).
2021-03-02 14:16:15.903  INFO 20024 --- [main] se.kth.iv1201.recruitment.Main           : Starting Main using Java 15.0.1 on LAPTOP-5P935E41 with PID 20024 (C:\Users\loujo\Documents\IV1201-application\target\classes started by loujo in C:\Users\loujo\Documents\IV1201-application)
2021-03-02 14:16:15.906  INFO 20024 --- [main] se.kth.iv1201.recruitment.Main           : No active profile set, falling back to default profiles: default
2021-03-02 14:16:17.585  INFO 20024 --- [main] o.apache.catalina.core.StandardService   : Starting service [Tomcat]
2021-03-02 14:16:17.586  INFO 20024 --- [main] org.apache.catalina.core.StandardEngine  : Starting Servlet engine: [Apache Tomcat/9.0.41]
2021-03-02 14:16:17.769  INFO 20024 --- [main] o.a.c.c.C.[Tomcat].[localhost].[/]       : Initializing Spring embedded WebApplicationContext
2021-03-02 14:16:17.968  INFO 20024 --- [main] o.hibernate.jpa.internal.util.LogHelper  : HHH000204: Processing PersistenceUnitInfo [name: default]
2021-03-02 14:16:18.039  INFO 20024 --- [main] org.hibernate.Version                    : HHH000412: Hibernate ORM core version 5.4.27.Final
2021-03-02 14:16:18.215  INFO 20024 --- [main] o.hibernate.annotations.common.Version   : HCANN000001: Hibernate Commons Annotations {5.1.2.Final}
2021-03-02 14:16:18.347  INFO 20024 --- [main] com.zaxxer.hikari.HikariDataSource       : HikariPool-1 - Starting...
2021-03-02 14:16:19.445  INFO 20024 --- [main] com.zaxxer.hikari.HikariDataSource       : HikariPool-1 - Start completed.
2021-03-02 14:16:19.477  INFO 20024 --- [main] org.hibernate.dialect.Dialect            : HHH000400: Using dialect: org.hibernate.dialect.PostgreSQL10Dialect
2021-03-02 14:16:21.028  INFO 20024 --- [main] o.h.e.t.j.p.i.JtaPlatformInitiator       : HHH000490: Using JtaPlatform implementation: [org.hibernate.engine.transaction.jta.platform.internal.NoJtaPlatform]
2021-03-02 14:16:22.515  INFO 20024 --- [main] se.kth.iv1201.recruitment.Main           : Started Main in 7.163 seconds (JVM running for 7.942)
2021-03-02 14:16:44.148  INFO 20024 --- [http-nio-8080-exec-1] o.a.c.c.C.[Tomcat].[localhost].[/]       : Initializing Spring DispatcherServlet 'dispatcherServlet'
2021-03-02 14:17:16.930  INFO 20024 --- [http-nio-8080-exec-3] s.k.i.r.p.error.ExceptionHandlers        : A 404 not found exception occurred.
2021-03-02 14:17:22.354  INFO 20024 --- [http-nio-8080-exec-10] s.k.i.r.p.error.ExceptionHandlers        : A 404 not found exception occurred.
2021-03-02 14:17:26.928  INFO 20024 --- [http-nio-8080-exec-4] s.k.i.r.p.error.ExceptionHandlers        : A 404 not found exception occurred.
2021-03-02 14:20:37.830  INFO 20024 --- [http-nio-8080-exec-2] s.k.i.r.p.error.ExceptionHandlers        : A 404 not found exception occurred.
2021-03-02 14:20:46.123  INFO 20024 --- [http-nio-8080-exec-6] s.k.i.r.p.error.ExceptionHandlers        : A 404 not found exception occurred.
2021-03-02 14:20:52.197  INFO 20024 --- [http-nio-8080-exec-1] s.k.i.r.p.error.ExceptionHandlers        : A 404 not found exception occurred.
